Arguments: 
  /Users/leolurch/.nvm/versions/node/v18.13.0/bin/node /opt/homebrew/bin/yarn add -D vite-imagetools

PATH: 
  /Users/leolurch/.nvm/versions/node/v18.13.0/bin:/Users/leolurch/.rbenv/shims:/Users/leolurch/Library/pnpm:/Users/leolurch/.nvm/versions/node/v16.11.1/bin:/opt/homebrew/bin:/opt/homebrew/sbin:/usr/local/bin:/usr/bin:/bin:/usr/sbin:/sbin:/usr/local/MacGPG2/bin:/Library/Apple/usr/bin:/Users/leolurch/.rbenv/shims:/Users/leolurch/Library/pnpm:/Users/leolurch/.nvm/versions/node/v16.11.1/bin:/opt/homebrew/bin:/opt/homebrew/sbin

Yarn version: 
  1.22.15

Node version: 
  18.13.0

Platform: 
  darwin arm64

Trace: 
  Error: ENOENT: no such file or directory, copyfile '/Users/leolurch/Library/Caches/Yarn/v6/npm-glob-parent-6.0.2-6d237d99083950c79290f24c7642a3de9a28f9e3-integrity/node_modules/glob-parent/index.js' -> '/Users/leolurch/Documents/1-projects/2-baubumms/sveltekit-commerce/node_modules/tailwindcss/node_modules/glob-parent/index.js'

npm manifest: 
  {
    "private": true,
    "type": "module",
    "scripts": {
      "dev": "vite dev",
      "build": "vite build",
      "package": "svelte-kit package",
      "preview": "vite preview",
      "check": "svelte-check --tsconfig ./jsconfig.json",
      "check:watch": "svelte-check --tsconfig ./jsconfig.json --watch",
      "lint": "prettier --check .",
      "format": "prettier --write ."
    },
    "dependencies": {
      "@shopify/shopify-api": "5.2.0",
      "@splidejs/svelte-splide": "^0.2.9",
      "@steeze-ui/heroicons": "^2.2.1",
      "@steeze-ui/svelte-icon": "^1.3.2",
      "classnames": "^2.3.2",
      "mathjs": "^11.5.1",
      "svelte-i18n": "^3.6.0",
      "svelte-sitemap": "^2.5.4"
    },
    "devDependencies": {
      "@rollup/plugin-json": "^6.0.0",
      "@sveltejs/adapter-auto": "^2.0.0",
      "@sveltejs/kit": "^1.5.0",
      "@tsconfig/svelte": "^3.0.0",
      "autoprefixer": "^10.4.13",
      "eslint": "^8.33.0",
      "eslint-config-prettier": "8.5.0",
      "node-sass": "8.0.0",
      "postcss": "^8.4.21",
      "postcss-load-config": "4.0.1",
      "prettier": "2.8.0",
      "prettier-plugin-svelte": "2.8.1",
      "prettier-plugin-tailwindcss": "0.2.0",
      "svelte": "3.54.0",
      "svelte-check": "^2.10.3",
      "svelte-preprocess": "^4.10.7",
      "tailwindcss": "^3.2.4",
      "typescript": "^4.9.5",
      "vite": "^4.1.1"
    }
  }

yarn manifest: 
  No manifest

Lockfile: 
  No lockfile
